<?xml version="1.0" encoding="UTF-8"?>
<testng-results ignored="0" total="2" passed="2" failed="0" skipped="0">
  <reporter-output>
  </reporter-output>
  <suite started-at="2024-11-13T17:39:30 IST" name="Default suite" finished-at="2024-11-13T17:39:30 IST" duration-ms="176">
    <groups>
    </groups>
    <test started-at="2024-11-13T17:39:30 IST" name="Default test" finished-at="2024-11-13T17:39:30 IST" duration-ms="176">
      <class name="samplePack.SampleContact">
        <test-method signature="sampleDemo()[pri:0, instance:samplePack.SampleContact@428640fa]" started-at="2024-11-13T17:39:30 IST" name="sampleDemo" finished-at="2024-11-13T17:39:30 IST" duration-ms="18" status="PASS">
          <reporter-output>
          </reporter-output>
        </test-method> <!-- sampleDemo -->
        <test-method signature="sampleDemo1()[pri:0, instance:samplePack.SampleContact@428640fa]" started-at="2024-11-13T17:39:30 IST" name="sampleDemo1" finished-at="2024-11-13T17:39:30 IST" duration-ms="8" status="PASS">
          <reporter-output>
          </reporter-output>
        </test-method> <!-- sampleDemo1 -->
      </class> <!-- samplePack.SampleContact -->
    </test> <!-- Default test -->
  </suite> <!-- Default suite -->
</testng-results>
